2025-05-04 16:31:03,414 - activity_logger - INFO - Создан новый файл логов активности: bot_activity_log.xlsx
2025-05-04 16:31:03,438 - activity_logger - INFO - Загружены данные активности из bot_activity_log.xlsx
2025-05-04 16:31:03,493 - activity_logger - INFO - Сгенерирован отчет о активности пользователей
2025-05-04 16:31:03,859 - activity_logger - INFO - Патчи успешно применены к основному коду бота
2025-05-04 16:31:03,859 - activity_logger - INFO - Система отслеживания активности запущена
2025-05-04 16:36:24,454 - activity_logger - INFO - Существующий файл логов активности корректен: bot_activity_log.xlsx
2025-05-04 16:36:24,467 - activity_logger - INFO - Загружены данные активности из bot_activity_log.xlsx
2025-05-04 16:36:24,522 - activity_logger - INFO - Сгенерирован отчет о активности пользователей
2025-05-04 16:36:24,861 - activity_logger - INFO - Патчи успешно применены к основному коду бота
2025-05-04 16:36:24,861 - activity_logger - INFO - Система отслеживания активности запущена
2025-05-04 16:39:44,692 - activity_logger - INFO - Существующий файл логов активности корректен: bot_activity_log.xlsx
2025-05-04 16:39:44,703 - activity_logger - INFO - Загружены данные активности из bot_activity_log.xlsx
2025-05-04 16:39:44,757 - activity_logger - INFO - Сгенерирован отчет о активности пользователей
2025-05-04 16:39:45,116 - activity_logger - INFO - Патчи успешно применены к основному коду бота
2025-05-04 16:39:45,117 - activity_logger - INFO - Система отслеживания активности запущена
2025-05-04 16:43:18,169 - activity_logger - INFO - Система отслеживания активности остановлена пользователем.
2025-05-04 16:43:28,160 - activity_logger - INFO - Существующий файл логов активности корректен: bot_activity_log.xlsx
2025-05-04 16:43:28,172 - activity_logger - INFO - Загружены данные активности из bot_activity_log.xlsx
2025-05-04 16:43:28,611 - activity_logger - INFO - Обновлен лог нажатия кнопки 'Обновить' для пользователя 123456789
2025-05-04 16:43:28,654 - activity_logger - INFO - Обновлен лог нажатия кнопки города Тестовый город для пользователя 123456789
2025-05-04 16:43:28,655 - activity_logger - INFO - Трекер для бота успешно настроен
2025-05-04 16:43:28,656 - activity_logger - INFO - Система отслеживания активности запущена
2025-05-04 16:44:02,984 - activity_logger - INFO - Сгенерирован отчет о активности пользователей
2025-05-04 16:45:05,066 - activity_logger - INFO - Обновлен лог нажатия кнопки 'Обновить' для пользователя 987654321
2025-05-04 16:45:05,112 - activity_logger - INFO - Обновлен лог нажатия кнопки города Москва для пользователя 987654321
2025-05-04 16:45:05,156 - activity_logger - INFO - Обновлен лог нажатия кнопки города Санкт-Петербург для пользователя 987654321
2025-05-04 16:45:05,198 - activity_logger - INFO - Обновлен лог нажатия кнопки города Казань для пользователя 987654321
2025-05-04 16:45:05,247 - activity_logger - INFO - Сгенерирован отчет о активности пользователей
2025-05-04 16:49:37,752 - activity_logger - INFO - Система отслеживания активности остановлена пользователем.
